0 info it worked if it ends with ok
1 verbose cli [ '/usr/bin/node', '/usr/bin/npm', 'run', 'push' ]
2 info using npm@3.5.2
3 info using node@v8.10.0
4 verbose run-script [ 'prepush', 'push', 'postpush' ]
5 info lifecycle dnscontrol-ts@1.0.0~prepush: dnscontrol-ts@1.0.0
6 silly lifecycle dnscontrol-ts@1.0.0~prepush: no script for prepush, continuing
7 info lifecycle dnscontrol-ts@1.0.0~push: dnscontrol-ts@1.0.0
8 verbose lifecycle dnscontrol-ts@1.0.0~push: unsafe-perm in lifecycle true
9 verbose lifecycle dnscontrol-ts@1.0.0~push: PATH: /usr/share/npm/bin/node-gyp-bin:/mnt/c/Users/me/Documents/dnscontrol-ts/node_modules/.bin:/usr/local/sbin:/usr/local/bin:/usr/sbin:/usr/bin:/sbin:/bin:/usr/games:/usr/local/games:/mnt/c/Program Files (x86)/Microsoft SDKs/Azure/CLI2/wbin:/mnt/c/Program Files (x86)/Razer Chroma SDK/bin:/mnt/c/Program Files/Razer Chroma SDK/bin:/mnt/c/Program Files (x86)/Razer/ChromaBroadcast/bin:/mnt/c/Program Files/Razer/ChromaBroadcast/bin:/mnt/c/Windows/system32:/mnt/c/Windows:/mnt/c/Windows/System32/Wbem:/mnt/c/Windows/System32/WindowsPowerShell/v1.0/:/mnt/c/Windows/System32/OpenSSH/:/mnt/c/Users/Administrator/AppData/Local/Microsoft/WindowsApps:/mnt/c/Windows/system32/config/systemprofile/AppData/Local/Microsoft/WindowsApps:/mnt/c/ProgramData/chocolatey/bin:/mnt/c/Program Files/dotnet/:/mnt/c/Program Files/Git/cmd:/mnt/c/WINDOWS/system32:/mnt/c/WINDOWS:/mnt/c/WINDOWS/System32/Wbem:/mnt/c/WINDOWS/System32/WindowsPowerShell/v1.0/:/mnt/c/WINDOWS/System32/OpenSSH/:/mnt/c/tools:/mnt/c/Program Files (x86)/Calibre2/:/mnt/c/Program Files (x86)/GtkSharp/2.12/bin:/mnt/c/Users/me/AppData/Local/Microsoft/WindowsApps:/mnt/c/Users/me/AppData/Local/Programs/Microsoft VS Code Insiders/bin:/mnt/c/Program Files/Multipass/bin:/mnt/c/Users/me/AppData/Local/Programs/Fiddler:/mnt/c/Users/me/AppData/Local/Microsoft/WindowsApps
10 verbose lifecycle dnscontrol-ts@1.0.0~push: CWD: /mnt/c/Users/me/Documents/dnscontrol-ts
11 silly lifecycle dnscontrol-ts@1.0.0~push: Args: [ '-c',
11 silly lifecycle   'npm run preview && cli-confirm "Are you sure you want to push?" && dnscontrol push' ]
12 silly lifecycle dnscontrol-ts@1.0.0~push: Returned: code: 1  signal: null
13 info lifecycle dnscontrol-ts@1.0.0~push: Failed to exec push script
14 verbose stack Error: dnscontrol-ts@1.0.0 push: `npm run preview && cli-confirm "Are you sure you want to push?" && dnscontrol push`
14 verbose stack Exit status 1
14 verbose stack     at EventEmitter.<anonymous> (/usr/share/npm/lib/utils/lifecycle.js:232:16)
14 verbose stack     at emitTwo (events.js:126:13)
14 verbose stack     at EventEmitter.emit (events.js:214:7)
14 verbose stack     at ChildProcess.<anonymous> (/usr/share/npm/lib/utils/spawn.js:24:14)
14 verbose stack     at emitTwo (events.js:126:13)
14 verbose stack     at ChildProcess.emit (events.js:214:7)
14 verbose stack     at maybeClose (internal/child_process.js:925:16)
14 verbose stack     at Process.ChildProcess._handle.onexit (internal/child_process.js:209:5)
15 verbose pkgid dnscontrol-ts@1.0.0
16 verbose cwd /mnt/c/Users/me/Documents/dnscontrol-ts
17 error Linux 4.19.84-microsoft-standard
18 error argv "/usr/bin/node" "/usr/bin/npm" "run" "push"
19 error node v8.10.0
20 error npm  v3.5.2
21 error code ELIFECYCLE
22 error dnscontrol-ts@1.0.0 push: `npm run preview && cli-confirm "Are you sure you want to push?" && dnscontrol push`
22 error Exit status 1
23 error Failed at the dnscontrol-ts@1.0.0 push script 'npm run preview && cli-confirm "Are you sure you want to push?" && dnscontrol push'.
23 error Make sure you have the latest version of node.js and npm installed.
23 error If you do, this is most likely a problem with the dnscontrol-ts package,
23 error not with npm itself.
23 error Tell the author that this fails on your system:
23 error     npm run preview && cli-confirm "Are you sure you want to push?" && dnscontrol push
23 error You can get information on how to open an issue for this project with:
23 error     npm bugs dnscontrol-ts
23 error Or if that isn't available, you can get their info via:
23 error     npm owner ls dnscontrol-ts
23 error There is likely additional logging output above.
24 verbose exit [ 1, true ]
